2025-08-29T02:03:21.443910Z  INFO tailwindcss_oxide::scanner: Provided sources:
2025-08-29T02:03:21.443984Z  INFO tailwindcss_oxide::scanner: Source: PublicSourceEntry { base: "/Users/mattmurphy/ctv-rollup", pattern: "**/*", negated: false }
2025-08-29T02:03:21.444304Z  INFO tailwindcss_oxide::scanner: Optimized sources:
2025-08-29T02:03:21.444308Z  INFO tailwindcss_oxide::scanner: Source: Auto { base: "/Users/mattmurphy/ctv-rollup" }
2025-08-29T02:03:21.446025Z  INFO scan_sources: tailwindcss_oxide::scanner: enter
2025-08-29T02:03:21.446788Z  INFO scan_sources: tailwindcss_oxide::scanner: Discovering "/Users/mattmurphy/ctv-rollup/tailwind.config.js"
2025-08-29T02:03:21.446810Z  INFO scan_sources: tailwindcss_oxide::scanner: Discovering "/Users/mattmurphy/ctv-rollup/postcss.config.mjs"
2025-08-29T02:03:21.446824Z  INFO scan_sources: tailwindcss_oxide::scanner: Discovering "/Users/mattmurphy/ctv-rollup/next.config.js"
2025-08-29T02:03:21.446835Z  INFO scan_sources: tailwindcss_oxide::scanner: Discovering "/Users/mattmurphy/ctv-rollup/sample_campaign.csv"
2025-08-29T02:03:21.447010Z  INFO scan_sources: tailwindcss_oxide::scanner: Discovering "/Users/mattmurphy/ctv-rollup/uploads"
2025-08-29T02:03:21.447061Z  INFO scan_sources: tailwindcss_oxide::scanner: Discovering "/Users/mattmurphy/ctv-rollup/README.md"
2025-08-29T02:03:21.447082Z  INFO scan_sources: tailwindcss_oxide::scanner: Discovering "/Users/mattmurphy/ctv-rollup/public"
2025-08-29T02:03:21.447104Z  INFO scan_sources: tailwindcss_oxide::scanner: Discovering "/Users/mattmurphy/ctv-rollup/public/file.svg"
2025-08-29T02:03:21.447115Z  INFO scan_sources: tailwindcss_oxide::scanner: Discovering "/Users/mattmurphy/ctv-rollup/public/vercel.svg"
2025-08-29T02:03:21.447126Z  INFO scan_sources: tailwindcss_oxide::scanner: Discovering "/Users/mattmurphy/ctv-rollup/public/next.svg"
2025-08-29T02:03:21.447135Z  INFO scan_sources: tailwindcss_oxide::scanner: Discovering "/Users/mattmurphy/ctv-rollup/public/globe.svg"
2025-08-29T02:03:21.447143Z  INFO scan_sources: tailwindcss_oxide::scanner: Discovering "/Users/mattmurphy/ctv-rollup/public/window.svg"
2025-08-29T02:03:21.447160Z  INFO scan_sources: tailwindcss_oxide::scanner: Discovering "/Users/mattmurphy/ctv-rollup/package.json"
2025-08-29T02:03:21.447178Z  INFO scan_sources: tailwindcss_oxide::scanner: Discovering "/Users/mattmurphy/ctv-rollup/scripts"
2025-08-29T02:03:21.447195Z  INFO scan_sources: tailwindcss_oxide::scanner: Discovering "/Users/mattmurphy/ctv-rollup/scripts/seed.ts"
2025-08-29T02:03:21.447205Z  INFO scan_sources: tailwindcss_oxide::scanner: Discovering "/Users/mattmurphy/ctv-rollup/components.json"
2025-08-29T02:03:21.447213Z  INFO scan_sources: tailwindcss_oxide::scanner: Discovering "/Users/mattmurphy/ctv-rollup/tsconfig.json"
2025-08-29T02:03:21.447248Z  INFO scan_sources: tailwindcss_oxide::scanner: Discovering "/Users/mattmurphy/ctv-rollup/data"
2025-08-29T02:03:21.447266Z  INFO scan_sources: tailwindcss_oxide::scanner: Discovering "/Users/mattmurphy/ctv-rollup/eslint.config.mjs"
2025-08-29T02:03:21.447279Z  INFO scan_sources: tailwindcss_oxide::scanner: Discovering "/Users/mattmurphy/ctv-rollup/src"
2025-08-29T02:03:21.447305Z  INFO scan_sources: tailwindcss_oxide::scanner: Discovering "/Users/mattmurphy/ctv-rollup/src/types"
2025-08-29T02:03:21.447321Z  INFO scan_sources: tailwindcss_oxide::scanner: Discovering "/Users/mattmurphy/ctv-rollup/src/types/events.ts"
2025-08-29T02:03:21.447335Z  INFO scan_sources: tailwindcss_oxide::scanner: Discovering "/Users/mattmurphy/ctv-rollup/src/app"
2025-08-29T02:03:21.447359Z  INFO scan_sources: tailwindcss_oxide::scanner: Discovering "/Users/mattmurphy/ctv-rollup/src/app/normalize"
2025-08-29T02:03:21.447375Z  INFO scan_sources: tailwindcss_oxide::scanner: Discovering "/Users/mattmurphy/ctv-rollup/src/app/normalize/page.tsx"
2025-08-29T02:03:21.447386Z  INFO scan_sources: tailwindcss_oxide::scanner: Discovering "/Users/mattmurphy/ctv-rollup/src/app/layout.tsx"
2025-08-29T02:03:21.447399Z  INFO scan_sources: tailwindcss_oxide::scanner: Discovering "/Users/mattmurphy/ctv-rollup/src/app/api"
2025-08-29T02:03:21.447425Z  INFO scan_sources: tailwindcss_oxide::scanner: Discovering "/Users/mattmurphy/ctv-rollup/src/app/api/ingest"
2025-08-29T02:03:21.447441Z  INFO scan_sources: tailwindcss_oxide::scanner: Discovering "/Users/mattmurphy/ctv-rollup/src/app/api/ingest/route.ts"
2025-08-29T02:03:21.447454Z  INFO scan_sources: tailwindcss_oxide::scanner: Discovering "/Users/mattmurphy/ctv-rollup/src/app/api/status"
2025-08-29T02:03:21.447470Z  INFO scan_sources: tailwindcss_oxide::scanner: Discovering "/Users/mattmurphy/ctv-rollup/src/app/api/status/route.ts"
2025-08-29T02:03:21.447483Z  INFO scan_sources: tailwindcss_oxide::scanner: Discovering "/Users/mattmurphy/ctv-rollup/src/app/api/map"
2025-08-29T02:03:21.447503Z  INFO scan_sources: tailwindcss_oxide::scanner: Discovering "/Users/mattmurphy/ctv-rollup/src/app/api/map/genres"
2025-08-29T02:03:21.447519Z  INFO scan_sources: tailwindcss_oxide::scanner: Discovering "/Users/mattmurphy/ctv-rollup/src/app/api/map/genres/route.ts"
2025-08-29T02:03:21.447534Z  INFO scan_sources: tailwindcss_oxide::scanner: Discovering "/Users/mattmurphy/ctv-rollup/src/app/api/map/content-aliases"
2025-08-29T02:03:21.447549Z  INFO scan_sources: tailwindcss_oxide::scanner: Discovering "/Users/mattmurphy/ctv-rollup/src/app/api/map/content-aliases/route.ts"
2025-08-29T02:03:21.447564Z  INFO scan_sources: tailwindcss_oxide::scanner: Discovering "/Users/mattmurphy/ctv-rollup/src/app/api/map/bundles"
2025-08-29T02:03:21.447579Z  INFO scan_sources: tailwindcss_oxide::scanner: Discovering "/Users/mattmurphy/ctv-rollup/src/app/api/map/bundles/route.ts"
2025-08-29T02:03:21.447593Z  INFO scan_sources: tailwindcss_oxide::scanner: Discovering "/Users/mattmurphy/ctv-rollup/src/app/api/rollup"
2025-08-29T02:03:21.447613Z  INFO scan_sources: tailwindcss_oxide::scanner: Discovering "/Users/mattmurphy/ctv-rollup/src/app/api/rollup/app"
2025-08-29T02:03:21.447629Z  INFO scan_sources: tailwindcss_oxide::scanner: Discovering "/Users/mattmurphy/ctv-rollup/src/app/api/rollup/app/route.ts"
2025-08-29T02:03:21.447642Z  INFO scan_sources: tailwindcss_oxide::scanner: Discovering "/Users/mattmurphy/ctv-rollup/src/app/api/rollup/content"
2025-08-29T02:03:21.447657Z  INFO scan_sources: tailwindcss_oxide::scanner: Discovering "/Users/mattmurphy/ctv-rollup/src/app/api/rollup/content/route.ts"
2025-08-29T02:03:21.447671Z  INFO scan_sources: tailwindcss_oxide::scanner: Discovering "/Users/mattmurphy/ctv-rollup/src/app/api/rollup/genre"
2025-08-29T02:03:21.447686Z  INFO scan_sources: tailwindcss_oxide::scanner: Discovering "/Users/mattmurphy/ctv-rollup/src/app/api/rollup/genre/route.ts"
2025-08-29T02:03:21.447700Z  INFO scan_sources: tailwindcss_oxide::scanner: Discovering "/Users/mattmurphy/ctv-rollup/src/app/api/campaigns"
2025-08-29T02:03:21.447722Z  INFO scan_sources: tailwindcss_oxide::scanner: Discovering "/Users/mattmurphy/ctv-rollup/src/app/api/campaigns/ingest"
2025-08-29T02:03:21.447740Z  INFO scan_sources: tailwindcss_oxide::scanner: Discovering "/Users/mattmurphy/ctv-rollup/src/app/api/campaigns/ingest/route.ts"
2025-08-29T02:03:21.447748Z  INFO scan_sources: tailwindcss_oxide::scanner: Discovering "/Users/mattmurphy/ctv-rollup/src/app/api/campaigns/route.ts"
2025-08-29T02:03:21.447761Z  INFO scan_sources: tailwindcss_oxide::scanner: Discovering "/Users/mattmurphy/ctv-rollup/src/app/api/campaigns/[id]"
2025-08-29T02:03:21.447781Z  INFO scan_sources: tailwindcss_oxide::scanner: Discovering "/Users/mattmurphy/ctv-rollup/src/app/api/campaigns/[id]/rollup"
2025-08-29T02:03:21.447801Z  INFO scan_sources: tailwindcss_oxide::scanner: Discovering "/Users/mattmurphy/ctv-rollup/src/app/api/campaigns/[id]/rollup/app"
2025-08-29T02:03:21.447818Z  INFO scan_sources: tailwindcss_oxide::scanner: Discovering "/Users/mattmurphy/ctv-rollup/src/app/api/campaigns/[id]/rollup/app/route.ts"
2025-08-29T02:03:21.447832Z  INFO scan_sources: tailwindcss_oxide::scanner: Discovering "/Users/mattmurphy/ctv-rollup/src/app/api/campaigns/[id]/rollup/content"
2025-08-29T02:03:21.447848Z  INFO scan_sources: tailwindcss_oxide::scanner: Discovering "/Users/mattmurphy/ctv-rollup/src/app/api/campaigns/[id]/rollup/content/route.ts"
2025-08-29T02:03:21.447864Z  INFO scan_sources: tailwindcss_oxide::scanner: Discovering "/Users/mattmurphy/ctv-rollup/src/app/api/campaigns/[id]/rollup/genre"
2025-08-29T02:03:21.447879Z  INFO scan_sources: tailwindcss_oxide::scanner: Discovering "/Users/mattmurphy/ctv-rollup/src/app/api/campaigns/[id]/rollup/genre/route.ts"
2025-08-29T02:03:21.447894Z  INFO scan_sources: tailwindcss_oxide::scanner: Discovering "/Users/mattmurphy/ctv-rollup/src/app/api/campaigns/[id]/export"
2025-08-29T02:03:21.447910Z  INFO scan_sources: tailwindcss_oxide::scanner: Discovering "/Users/mattmurphy/ctv-rollup/src/app/api/campaigns/[id]/export/route.ts"
2025-08-29T02:03:21.447925Z  INFO scan_sources: tailwindcss_oxide::scanner: Discovering "/Users/mattmurphy/ctv-rollup/src/app/api/export"
2025-08-29T02:03:21.447940Z  INFO scan_sources: tailwindcss_oxide::scanner: Discovering "/Users/mattmurphy/ctv-rollup/src/app/api/export/route.ts"
2025-08-29T02:03:21.447953Z  INFO scan_sources: tailwindcss_oxide::scanner: Discovering "/Users/mattmurphy/ctv-rollup/src/app/api/rebuild"
2025-08-29T02:03:21.447968Z  INFO scan_sources: tailwindcss_oxide::scanner: Discovering "/Users/mattmurphy/ctv-rollup/src/app/api/rebuild/route.ts"
2025-08-29T02:03:21.447992Z  INFO scan_sources: tailwindcss_oxide::scanner: Discovering "/Users/mattmurphy/ctv-rollup/src/app/campaigns"
2025-08-29T02:03:21.448012Z  INFO scan_sources: tailwindcss_oxide::scanner: Discovering "/Users/mattmurphy/ctv-rollup/src/app/campaigns/[id]"
2025-08-29T02:03:21.448032Z  INFO scan_sources: tailwindcss_oxide::scanner: Discovering "/Users/mattmurphy/ctv-rollup/src/app/campaigns/[id]/reports"
2025-08-29T02:03:21.448048Z  INFO scan_sources: tailwindcss_oxide::scanner: Discovering "/Users/mattmurphy/ctv-rollup/src/app/campaigns/[id]/reports/page.tsx"
2025-08-29T02:03:21.448057Z  INFO scan_sources: tailwindcss_oxide::scanner: Discovering "/Users/mattmurphy/ctv-rollup/src/app/campaigns/page.tsx"
2025-08-29T02:03:21.448066Z  INFO scan_sources: tailwindcss_oxide::scanner: Discovering "/Users/mattmurphy/ctv-rollup/src/app/page.tsx"
2025-08-29T02:03:21.448072Z  INFO scan_sources: tailwindcss_oxide::scanner: Discovering "/Users/mattmurphy/ctv-rollup/src/app/globals.css"
2025-08-29T02:03:21.448084Z  INFO scan_sources: tailwindcss_oxide::scanner: Discovering "/Users/mattmurphy/ctv-rollup/src/app/upload"
2025-08-29T02:03:21.448099Z  INFO scan_sources: tailwindcss_oxide::scanner: Discovering "/Users/mattmurphy/ctv-rollup/src/app/upload/page.tsx"
2025-08-29T02:03:21.448112Z  INFO scan_sources: tailwindcss_oxide::scanner: Discovering "/Users/mattmurphy/ctv-rollup/src/app/reports"
2025-08-29T02:03:21.448131Z  INFO scan_sources: tailwindcss_oxide::scanner: Discovering "/Users/mattmurphy/ctv-rollup/src/app/reports/app"
2025-08-29T02:03:21.448146Z  INFO scan_sources: tailwindcss_oxide::scanner: Discovering "/Users/mattmurphy/ctv-rollup/src/app/reports/app/page.tsx"
2025-08-29T02:03:21.448164Z  INFO scan_sources: tailwindcss_oxide::scanner: Discovering "/Users/mattmurphy/ctv-rollup/src/app/reports/content"
2025-08-29T02:03:21.448180Z  INFO scan_sources: tailwindcss_oxide::scanner: Discovering "/Users/mattmurphy/ctv-rollup/src/app/reports/content/page.tsx"
2025-08-29T02:03:21.448193Z  INFO scan_sources: tailwindcss_oxide::scanner: Discovering "/Users/mattmurphy/ctv-rollup/src/app/reports/genre"
2025-08-29T02:03:21.448208Z  INFO scan_sources: tailwindcss_oxide::scanner: Discovering "/Users/mattmurphy/ctv-rollup/src/app/reports/genre/page.tsx"
2025-08-29T02:03:21.448216Z  INFO scan_sources: tailwindcss_oxide::scanner: Discovering "/Users/mattmurphy/ctv-rollup/src/app/reports/page.tsx"
2025-08-29T02:03:21.448235Z  INFO scan_sources: tailwindcss_oxide::scanner: Discovering "/Users/mattmurphy/ctv-rollup/src/server"
2025-08-29T02:03:21.448260Z  INFO scan_sources: tailwindcss_oxide::scanner: Discovering "/Users/mattmurphy/ctv-rollup/src/server/migrations"
2025-08-29T02:03:21.448277Z  INFO scan_sources: tailwindcss_oxide::scanner: Discovering "/Users/mattmurphy/ctv-rollup/src/server/migrations/002_campaigns.sql"
2025-08-29T02:03:21.448288Z  INFO scan_sources: tailwindcss_oxide::scanner: Discovering "/Users/mattmurphy/ctv-rollup/src/server/migrations/001_init.sql"
2025-08-29T02:03:21.448297Z  INFO scan_sources: tailwindcss_oxide::scanner: Discovering "/Users/mattmurphy/ctv-rollup/src/server/db.ts"
2025-08-29T02:03:21.448310Z  INFO scan_sources: tailwindcss_oxide::scanner: Discovering "/Users/mattmurphy/ctv-rollup/src/components"
2025-08-29T02:03:21.448338Z  INFO scan_sources: tailwindcss_oxide::scanner: Discovering "/Users/mattmurphy/ctv-rollup/src/components/ui"
2025-08-29T02:03:21.448354Z  INFO scan_sources: tailwindcss_oxide::scanner: Discovering "/Users/mattmurphy/ctv-rollup/src/components/ui/tabs.tsx"
2025-08-29T02:03:21.448361Z  INFO scan_sources: tailwindcss_oxide::scanner: Discovering "/Users/mattmurphy/ctv-rollup/src/components/ui/card.tsx"
2025-08-29T02:03:21.448369Z  INFO scan_sources: tailwindcss_oxide::scanner: Discovering "/Users/mattmurphy/ctv-rollup/src/components/ui/progress.tsx"
2025-08-29T02:03:21.448376Z  INFO scan_sources: tailwindcss_oxide::scanner: Discovering "/Users/mattmurphy/ctv-rollup/src/components/ui/sonner.tsx"
2025-08-29T02:03:21.448384Z  INFO scan_sources: tailwindcss_oxide::scanner: Discovering "/Users/mattmurphy/ctv-rollup/src/components/ui/badge.tsx"
2025-08-29T02:03:21.448391Z  INFO scan_sources: tailwindcss_oxide::scanner: Discovering "/Users/mattmurphy/ctv-rollup/src/components/ui/table.tsx"
2025-08-29T02:03:21.448399Z  INFO scan_sources: tailwindcss_oxide::scanner: Discovering "/Users/mattmurphy/ctv-rollup/src/components/ui/button.tsx"
2025-08-29T02:03:21.448406Z  INFO scan_sources: tailwindcss_oxide::scanner: Discovering "/Users/mattmurphy/ctv-rollup/src/components/ui/input.tsx"
2025-08-29T02:03:21.448419Z  INFO scan_sources: tailwindcss_oxide::scanner: Discovering "/Users/mattmurphy/ctv-rollup/src/lib"
2025-08-29T02:03:21.448435Z  INFO scan_sources: tailwindcss_oxide::scanner: Discovering "/Users/mattmurphy/ctv-rollup/src/lib/utils.ts"
2025-08-29T02:03:21.448468Z  INFO scan_sources: tailwindcss_oxide::scanner: exit
2025-08-29T02:03:21.448471Z  INFO extract_candidates: tailwindcss_oxide::scanner: enter
2025-08-29T02:03:21.448473Z  INFO extract_candidates:read_all_files: tailwindcss_oxide::scanner: enter
2025-08-29T02:03:21.448474Z  INFO extract_candidates:read_all_files: tailwindcss_oxide::scanner: Reading 54 file(s)
2025-08-29T02:03:21.448707Z  INFO tailwindcss_oxide::scanner: Reading "/Users/mattmurphy/ctv-rollup/tailwind.config.js"
2025-08-29T02:03:21.448709Z  INFO tailwindcss_oxide::scanner: Reading "/Users/mattmurphy/ctv-rollup/src/app/api/campaigns/route.ts"
2025-08-29T02:03:21.448742Z  INFO tailwindcss_oxide::scanner: Reading "/Users/mattmurphy/ctv-rollup/public/vercel.svg"
2025-08-29T02:03:21.448748Z  INFO tailwindcss_oxide::scanner: Reading "/Users/mattmurphy/ctv-rollup/src/app/api/map/genres/route.ts"
2025-08-29T02:03:21.448752Z  INFO tailwindcss_oxide::scanner: Reading "/Users/mattmurphy/ctv-rollup/tsconfig.json"
2025-08-29T02:03:21.448746Z  INFO tailwindcss_oxide::scanner: Reading "/Users/mattmurphy/ctv-rollup/postcss.config.mjs"
2025-08-29T02:03:21.448767Z  INFO tailwindcss_oxide::scanner: Reading "/Users/mattmurphy/ctv-rollup/src/app/normalize/page.tsx"
2025-08-29T02:03:21.448783Z  INFO tailwindcss_oxide::scanner: Reading "/Users/mattmurphy/ctv-rollup/src/app/layout.tsx"
2025-08-29T02:03:21.448827Z  INFO tailwindcss_oxide::scanner: Reading "/Users/mattmurphy/ctv-rollup/eslint.config.mjs"
2025-08-29T02:03:21.448836Z  INFO tailwindcss_oxide::scanner: Reading "/Users/mattmurphy/ctv-rollup/src/app/reports/genre/page.tsx"
2025-08-29T02:03:21.448849Z  INFO tailwindcss_oxide::scanner: Reading "/Users/mattmurphy/ctv-rollup/src/app/api/rollup/app/route.ts"
2025-08-29T02:03:21.448862Z  INFO tailwindcss_oxide::scanner: Reading "/Users/mattmurphy/ctv-rollup/src/app/api/campaigns/[id]/rollup/app/route.ts"
2025-08-29T02:03:21.448874Z  INFO tailwindcss_oxide::scanner: Reading "/Users/mattmurphy/ctv-rollup/sample_campaign.csv"
2025-08-29T02:03:21.448888Z  INFO tailwindcss_oxide::scanner: Reading "/Users/mattmurphy/ctv-rollup/src/app/api/ingest/route.ts"
2025-08-29T02:03:21.448918Z  INFO tailwindcss_oxide::scanner: Reading "/Users/mattmurphy/ctv-rollup/public/next.svg"
2025-08-29T02:03:21.448920Z  INFO tailwindcss_oxide::scanner: Reading "/Users/mattmurphy/ctv-rollup/src/app/api/map/content-aliases/route.ts"
2025-08-29T02:03:21.448921Z  INFO tailwindcss_oxide::scanner: Reading "/Users/mattmurphy/ctv-rollup/public/window.svg"
2025-08-29T02:03:21.448930Z  INFO tailwindcss_oxide::scanner: Reading "/Users/mattmurphy/ctv-rollup/src/app/api/rollup/content/route.ts"
2025-08-29T02:03:21.448940Z  INFO tailwindcss_oxide::scanner: Reading "/Users/mattmurphy/ctv-rollup/package.json"
2025-08-29T02:03:21.448947Z  INFO tailwindcss_oxide::scanner: Reading "/Users/mattmurphy/ctv-rollup/src/types/events.ts"
2025-08-29T02:03:21.448957Z  INFO tailwindcss_oxide::scanner: Reading "/Users/mattmurphy/ctv-rollup/next.config.js"
2025-08-29T02:03:21.448959Z  INFO tailwindcss_oxide::scanner: Reading "/Users/mattmurphy/ctv-rollup/src/app/api/campaigns/[id]/rollup/content/route.ts"
2025-08-29T02:03:21.449026Z  INFO tailwindcss_oxide::scanner: Reading "/Users/mattmurphy/ctv-rollup/scripts/seed.ts"
2025-08-29T02:03:21.449028Z  INFO tailwindcss_oxide::scanner: Reading "/Users/mattmurphy/ctv-rollup/src/app/reports/page.tsx"
2025-08-29T02:03:21.449035Z  INFO tailwindcss_oxide::scanner: Reading "/Users/mattmurphy/ctv-rollup/public/globe.svg"
2025-08-29T02:03:21.449036Z  INFO tailwindcss_oxide::scanner: Reading "/Users/mattmurphy/ctv-rollup/src/app/api/status/route.ts"
2025-08-29T02:03:21.449053Z  INFO tailwindcss_oxide::scanner: Reading "/Users/mattmurphy/ctv-rollup/src/app/api/campaigns/ingest/route.ts"
2025-08-29T02:03:21.449066Z  INFO tailwindcss_oxide::scanner: Reading "/Users/mattmurphy/ctv-rollup/src/app/page.tsx"
2025-08-29T02:03:21.449068Z  INFO tailwindcss_oxide::scanner: Reading "/Users/mattmurphy/ctv-rollup/src/app/api/campaigns/[id]/rollup/genre/route.ts"
2025-08-29T02:03:21.449070Z  INFO tailwindcss_oxide::scanner: Reading "/Users/mattmurphy/ctv-rollup/src/app/api/rollup/genre/route.ts"
2025-08-29T02:03:21.449090Z  INFO tailwindcss_oxide::scanner: Reading "/Users/mattmurphy/ctv-rollup/README.md"
2025-08-29T02:03:21.449127Z  INFO tailwindcss_oxide::scanner: Reading "/Users/mattmurphy/ctv-rollup/src/app/api/rebuild/route.ts"
2025-08-29T02:03:21.449128Z  INFO tailwindcss_oxide::scanner: Reading "/Users/mattmurphy/ctv-rollup/src/app/api/map/bundles/route.ts"
2025-08-29T02:03:21.449135Z  INFO tailwindcss_oxide::scanner: Reading "/Users/mattmurphy/ctv-rollup/public/file.svg"
2025-08-29T02:03:21.449146Z  INFO tailwindcss_oxide::scanner: Reading "/Users/mattmurphy/ctv-rollup/components.json"
2025-08-29T02:03:21.449156Z  INFO tailwindcss_oxide::scanner: Reading "/Users/mattmurphy/ctv-rollup/src/components/ui/progress.tsx"
2025-08-29T02:03:21.449161Z  INFO tailwindcss_oxide::scanner: Reading "/Users/mattmurphy/ctv-rollup/src/components/ui/sonner.tsx"
2025-08-29T02:03:21.449174Z  INFO tailwindcss_oxide::scanner: Reading "/Users/mattmurphy/ctv-rollup/src/app/upload/page.tsx"
2025-08-29T02:03:21.449184Z  INFO tailwindcss_oxide::scanner: Reading "/Users/mattmurphy/ctv-rollup/src/components/ui/table.tsx"
2025-08-29T02:03:21.449185Z  INFO tailwindcss_oxide::scanner: Reading "/Users/mattmurphy/ctv-rollup/src/app/api/campaigns/[id]/export/route.ts"
2025-08-29T02:03:21.449198Z  INFO tailwindcss_oxide::scanner: Reading "/Users/mattmurphy/ctv-rollup/src/app/reports/app/page.tsx"
2025-08-29T02:03:21.449216Z  INFO tailwindcss_oxide::scanner: Reading "/Users/mattmurphy/ctv-rollup/src/app/api/export/route.ts"
2025-08-29T02:03:21.449227Z  INFO tailwindcss_oxide::scanner: Reading "/Users/mattmurphy/ctv-rollup/src/app/campaigns/[id]/reports/page.tsx"
2025-08-29T02:03:21.449227Z  INFO tailwindcss_oxide::scanner: Reading "/Users/mattmurphy/ctv-rollup/src/app/campaigns/page.tsx"
2025-08-29T02:03:21.449240Z  INFO tailwindcss_oxide::scanner: Reading "/Users/mattmurphy/ctv-rollup/src/server/migrations/002_campaigns.sql"
2025-08-29T02:03:21.449274Z  INFO tailwindcss_oxide::scanner: Reading "/Users/mattmurphy/ctv-rollup/src/components/ui/badge.tsx"
2025-08-29T02:03:21.449277Z  INFO tailwindcss_oxide::scanner: Reading "/Users/mattmurphy/ctv-rollup/src/server/migrations/001_init.sql"
2025-08-29T02:03:21.449278Z  INFO tailwindcss_oxide::scanner: Reading "/Users/mattmurphy/ctv-rollup/src/components/ui/input.tsx"
2025-08-29T02:03:21.449330Z  INFO tailwindcss_oxide::scanner: Reading "/Users/mattmurphy/ctv-rollup/src/server/db.ts"
2025-08-29T02:03:21.449337Z  INFO tailwindcss_oxide::scanner: Reading "/Users/mattmurphy/ctv-rollup/src/lib/utils.ts"
2025-08-29T02:03:21.449345Z  INFO tailwindcss_oxide::scanner: Reading "/Users/mattmurphy/ctv-rollup/src/components/ui/button.tsx"
2025-08-29T02:03:21.449411Z  INFO tailwindcss_oxide::scanner: Reading "/Users/mattmurphy/ctv-rollup/src/app/reports/content/page.tsx"
2025-08-29T02:03:21.449413Z  INFO tailwindcss_oxide::scanner: Reading "/Users/mattmurphy/ctv-rollup/src/components/ui/card.tsx"
2025-08-29T02:03:21.449477Z  INFO tailwindcss_oxide::scanner: Reading "/Users/mattmurphy/ctv-rollup/src/components/ui/tabs.tsx"
2025-08-29T02:03:21.449542Z  INFO extract_candidates:read_all_files: tailwindcss_oxide::scanner: exit
2025-08-29T02:03:21.449545Z  INFO extract_candidates:parse_all_blobs: tailwindcss_oxide::scanner: enter
2025-08-29T02:03:21.449547Z  INFO extract_candidates:parse_all_blobs:extract: tailwindcss_oxide::scanner: enter
2025-08-29T02:03:21.450059Z  INFO extract_candidates:parse_all_blobs:extract: tailwindcss_oxide::scanner: exit
2025-08-29T02:03:21.450065Z  INFO extract_candidates:parse_all_blobs: tailwindcss_oxide::scanner: exit
2025-08-29T02:03:21.450068Z  INFO extract_candidates:read_all_files: tailwindcss_oxide::scanner: enter
2025-08-29T02:03:21.450069Z  INFO extract_candidates:read_all_files: tailwindcss_oxide::scanner: Reading 1 file(s)
2025-08-29T02:03:21.450080Z  INFO extract_candidates:read_all_files: tailwindcss_oxide::scanner: Reading "/Users/mattmurphy/ctv-rollup/src/app/globals.css"
2025-08-29T02:03:21.450083Z  INFO extract_candidates:read_all_files: tailwindcss_oxide::scanner: exit
2025-08-29T02:03:21.450085Z  INFO extract_candidates:extract_css_variables: tailwindcss_oxide::scanner: enter
2025-08-29T02:03:21.450087Z  INFO extract_candidates:extract_css_variables:extract: tailwindcss_oxide::scanner: enter
2025-08-29T02:03:21.450174Z  INFO extract_candidates:extract_css_variables:extract: tailwindcss_oxide::scanner: exit
2025-08-29T02:03:21.450179Z  INFO extract_candidates:extract_css_variables: tailwindcss_oxide::scanner: exit
2025-08-29T02:03:21.450483Z  INFO extract_candidates: tailwindcss_oxide::scanner: exit
2025-08-29T02:03:21.450784Z  INFO get_files: tailwindcss_oxide::scanner: enter
2025-08-29T02:03:21.450787Z  INFO get_files:scan_sources: tailwindcss_oxide::scanner: enter
2025-08-29T02:03:21.451082Z  INFO get_files:scan_sources: tailwindcss_oxide::scanner: Discovering "/Users/mattmurphy/ctv-rollup/uploads"
2025-08-29T02:03:21.451129Z  INFO get_files:scan_sources: tailwindcss_oxide::scanner: Discovering "/Users/mattmurphy/ctv-rollup/public"
2025-08-29T02:03:21.451183Z  INFO get_files:scan_sources: tailwindcss_oxide::scanner: Discovering "/Users/mattmurphy/ctv-rollup/scripts"
2025-08-29T02:03:21.451227Z  INFO get_files:scan_sources: tailwindcss_oxide::scanner: Discovering "/Users/mattmurphy/ctv-rollup/data"
2025-08-29T02:03:21.451251Z  INFO get_files:scan_sources: tailwindcss_oxide::scanner: Discovering "/Users/mattmurphy/ctv-rollup/src"
2025-08-29T02:03:21.451271Z  INFO get_files:scan_sources: tailwindcss_oxide::scanner: Discovering "/Users/mattmurphy/ctv-rollup/src/types"
2025-08-29T02:03:21.451301Z  INFO get_files:scan_sources: tailwindcss_oxide::scanner: Discovering "/Users/mattmurphy/ctv-rollup/src/app"
2025-08-29T02:03:21.451324Z  INFO get_files:scan_sources: tailwindcss_oxide::scanner: Discovering "/Users/mattmurphy/ctv-rollup/src/app/normalize"
2025-08-29T02:03:21.451360Z  INFO get_files:scan_sources: tailwindcss_oxide::scanner: Discovering "/Users/mattmurphy/ctv-rollup/src/app/api"
2025-08-29T02:03:21.451388Z  INFO get_files:scan_sources: tailwindcss_oxide::scanner: Discovering "/Users/mattmurphy/ctv-rollup/src/app/api/ingest"
2025-08-29T02:03:21.451420Z  INFO get_files:scan_sources: tailwindcss_oxide::scanner: Discovering "/Users/mattmurphy/ctv-rollup/src/app/api/status"
2025-08-29T02:03:21.451446Z  INFO get_files:scan_sources: tailwindcss_oxide::scanner: Discovering "/Users/mattmurphy/ctv-rollup/src/app/api/map"
2025-08-29T02:03:21.451467Z  INFO get_files:scan_sources: tailwindcss_oxide::scanner: Discovering "/Users/mattmurphy/ctv-rollup/src/app/api/map/genres"
2025-08-29T02:03:21.451494Z  INFO get_files:scan_sources: tailwindcss_oxide::scanner: Discovering "/Users/mattmurphy/ctv-rollup/src/app/api/map/content-aliases"
2025-08-29T02:03:21.451521Z  INFO get_files:scan_sources: tailwindcss_oxide::scanner: Discovering "/Users/mattmurphy/ctv-rollup/src/app/api/map/bundles"
2025-08-29T02:03:21.451548Z  INFO get_files:scan_sources: tailwindcss_oxide::scanner: Discovering "/Users/mattmurphy/ctv-rollup/src/app/api/rollup"
2025-08-29T02:03:21.451572Z  INFO get_files:scan_sources: tailwindcss_oxide::scanner: Discovering "/Users/mattmurphy/ctv-rollup/src/app/api/rollup/app"
2025-08-29T02:03:21.451597Z  INFO get_files:scan_sources: tailwindcss_oxide::scanner: Discovering "/Users/mattmurphy/ctv-rollup/src/app/api/rollup/content"
2025-08-29T02:03:21.451623Z  INFO get_files:scan_sources: tailwindcss_oxide::scanner: Discovering "/Users/mattmurphy/ctv-rollup/src/app/api/rollup/genre"
2025-08-29T02:03:21.451649Z  INFO get_files:scan_sources: tailwindcss_oxide::scanner: Discovering "/Users/mattmurphy/ctv-rollup/src/app/api/campaigns"
2025-08-29T02:03:21.451671Z  INFO get_files:scan_sources: tailwindcss_oxide::scanner: Discovering "/Users/mattmurphy/ctv-rollup/src/app/api/campaigns/ingest"
2025-08-29T02:03:21.451701Z  INFO get_files:scan_sources: tailwindcss_oxide::scanner: Discovering "/Users/mattmurphy/ctv-rollup/src/app/api/campaigns/[id]"
2025-08-29T02:03:21.451722Z  INFO get_files:scan_sources: tailwindcss_oxide::scanner: Discovering "/Users/mattmurphy/ctv-rollup/src/app/api/campaigns/[id]/rollup"
2025-08-29T02:03:21.451744Z  INFO get_files:scan_sources: tailwindcss_oxide::scanner: Discovering "/Users/mattmurphy/ctv-rollup/src/app/api/campaigns/[id]/rollup/app"
2025-08-29T02:03:21.451770Z  INFO get_files:scan_sources: tailwindcss_oxide::scanner: Discovering "/Users/mattmurphy/ctv-rollup/src/app/api/campaigns/[id]/rollup/content"
2025-08-29T02:03:21.451794Z  INFO get_files:scan_sources: tailwindcss_oxide::scanner: Discovering "/Users/mattmurphy/ctv-rollup/src/app/api/campaigns/[id]/rollup/genre"
2025-08-29T02:03:21.451818Z  INFO get_files:scan_sources: tailwindcss_oxide::scanner: Discovering "/Users/mattmurphy/ctv-rollup/src/app/api/campaigns/[id]/export"
2025-08-29T02:03:21.451842Z  INFO get_files:scan_sources: tailwindcss_oxide::scanner: Discovering "/Users/mattmurphy/ctv-rollup/src/app/api/export"
2025-08-29T02:03:21.451865Z  INFO get_files:scan_sources: tailwindcss_oxide::scanner: Discovering "/Users/mattmurphy/ctv-rollup/src/app/api/rebuild"
2025-08-29T02:03:21.451888Z  INFO get_files:scan_sources: tailwindcss_oxide::scanner: Discovering "/Users/mattmurphy/ctv-rollup/src/app/campaigns"
2025-08-29T02:03:21.451906Z  INFO get_files:scan_sources: tailwindcss_oxide::scanner: Discovering "/Users/mattmurphy/ctv-rollup/src/app/campaigns/[id]"
2025-08-29T02:03:21.451924Z  INFO get_files:scan_sources: tailwindcss_oxide::scanner: Discovering "/Users/mattmurphy/ctv-rollup/src/app/campaigns/[id]/reports"
2025-08-29T02:03:21.451959Z  INFO get_files:scan_sources: tailwindcss_oxide::scanner: Discovering "/Users/mattmurphy/ctv-rollup/src/app/upload"
2025-08-29T02:03:21.451982Z  INFO get_files:scan_sources: tailwindcss_oxide::scanner: Discovering "/Users/mattmurphy/ctv-rollup/src/app/reports"
2025-08-29T02:03:21.452000Z  INFO get_files:scan_sources: tailwindcss_oxide::scanner: Discovering "/Users/mattmurphy/ctv-rollup/src/app/reports/app"
2025-08-29T02:03:21.452023Z  INFO get_files:scan_sources: tailwindcss_oxide::scanner: Discovering "/Users/mattmurphy/ctv-rollup/src/app/reports/content"
2025-08-29T02:03:21.452047Z  INFO get_files:scan_sources: tailwindcss_oxide::scanner: Discovering "/Users/mattmurphy/ctv-rollup/src/app/reports/genre"
2025-08-29T02:03:21.452080Z  INFO get_files:scan_sources: tailwindcss_oxide::scanner: Discovering "/Users/mattmurphy/ctv-rollup/src/server"
2025-08-29T02:03:21.452098Z  INFO get_files:scan_sources: tailwindcss_oxide::scanner: Discovering "/Users/mattmurphy/ctv-rollup/src/server/migrations"
2025-08-29T02:03:21.452130Z  INFO get_files:scan_sources: tailwindcss_oxide::scanner: Discovering "/Users/mattmurphy/ctv-rollup/src/components"
2025-08-29T02:03:21.452148Z  INFO get_files:scan_sources: tailwindcss_oxide::scanner: Discovering "/Users/mattmurphy/ctv-rollup/src/components/ui"
2025-08-29T02:03:21.452195Z  INFO get_files:scan_sources: tailwindcss_oxide::scanner: Discovering "/Users/mattmurphy/ctv-rollup/src/lib"
2025-08-29T02:03:21.452228Z  INFO get_files:scan_sources: tailwindcss_oxide::scanner: exit
2025-08-29T02:03:21.452307Z  INFO get_files: tailwindcss_oxide::scanner: exit
2025-08-29T02:03:21.452369Z  INFO get_globs: tailwindcss_oxide::scanner: enter
2025-08-29T02:03:21.452372Z  INFO get_globs:scan_sources: tailwindcss_oxide::scanner: enter
2025-08-29T02:03:21.452677Z  INFO get_globs:scan_sources: tailwindcss_oxide::scanner: Discovering "/Users/mattmurphy/ctv-rollup/uploads"
2025-08-29T02:03:21.452730Z  INFO get_globs:scan_sources: tailwindcss_oxide::scanner: Discovering "/Users/mattmurphy/ctv-rollup/public"
2025-08-29T02:03:21.452790Z  INFO get_globs:scan_sources: tailwindcss_oxide::scanner: Discovering "/Users/mattmurphy/ctv-rollup/scripts"
2025-08-29T02:03:21.452834Z  INFO get_globs:scan_sources: tailwindcss_oxide::scanner: Discovering "/Users/mattmurphy/ctv-rollup/data"
2025-08-29T02:03:21.452858Z  INFO get_globs:scan_sources: tailwindcss_oxide::scanner: Discovering "/Users/mattmurphy/ctv-rollup/src"
2025-08-29T02:03:21.452878Z  INFO get_globs:scan_sources: tailwindcss_oxide::scanner: Discovering "/Users/mattmurphy/ctv-rollup/src/types"
2025-08-29T02:03:21.452903Z  INFO get_globs:scan_sources: tailwindcss_oxide::scanner: Discovering "/Users/mattmurphy/ctv-rollup/src/app"
2025-08-29T02:03:21.452925Z  INFO get_globs:scan_sources: tailwindcss_oxide::scanner: Discovering "/Users/mattmurphy/ctv-rollup/src/app/normalize"
2025-08-29T02:03:21.452952Z  INFO get_globs:scan_sources: tailwindcss_oxide::scanner: Discovering "/Users/mattmurphy/ctv-rollup/src/app/api"
2025-08-29T02:03:21.452972Z  INFO get_globs:scan_sources: tailwindcss_oxide::scanner: Discovering "/Users/mattmurphy/ctv-rollup/src/app/api/ingest"
2025-08-29T02:03:21.452996Z  INFO get_globs:scan_sources: tailwindcss_oxide::scanner: Discovering "/Users/mattmurphy/ctv-rollup/src/app/api/status"
2025-08-29T02:03:21.453019Z  INFO get_globs:scan_sources: tailwindcss_oxide::scanner: Discovering "/Users/mattmurphy/ctv-rollup/src/app/api/map"
2025-08-29T02:03:21.453037Z  INFO get_globs:scan_sources: tailwindcss_oxide::scanner: Discovering "/Users/mattmurphy/ctv-rollup/src/app/api/map/genres"
2025-08-29T02:03:21.453061Z  INFO get_globs:scan_sources: tailwindcss_oxide::scanner: Discovering "/Users/mattmurphy/ctv-rollup/src/app/api/map/content-aliases"
2025-08-29T02:03:21.453085Z  INFO get_globs:scan_sources: tailwindcss_oxide::scanner: Discovering "/Users/mattmurphy/ctv-rollup/src/app/api/map/bundles"
2025-08-29T02:03:21.453109Z  INFO get_globs:scan_sources: tailwindcss_oxide::scanner: Discovering "/Users/mattmurphy/ctv-rollup/src/app/api/rollup"
2025-08-29T02:03:21.453128Z  INFO get_globs:scan_sources: tailwindcss_oxide::scanner: Discovering "/Users/mattmurphy/ctv-rollup/src/app/api/rollup/app"
2025-08-29T02:03:21.453151Z  INFO get_globs:scan_sources: tailwindcss_oxide::scanner: Discovering "/Users/mattmurphy/ctv-rollup/src/app/api/rollup/content"
2025-08-29T02:03:21.453174Z  INFO get_globs:scan_sources: tailwindcss_oxide::scanner: Discovering "/Users/mattmurphy/ctv-rollup/src/app/api/rollup/genre"
2025-08-29T02:03:21.453203Z  INFO get_globs:scan_sources: tailwindcss_oxide::scanner: Discovering "/Users/mattmurphy/ctv-rollup/src/app/api/campaigns"
2025-08-29T02:03:21.453223Z  INFO get_globs:scan_sources: tailwindcss_oxide::scanner: Discovering "/Users/mattmurphy/ctv-rollup/src/app/api/campaigns/ingest"
2025-08-29T02:03:21.453250Z  INFO get_globs:scan_sources: tailwindcss_oxide::scanner: Discovering "/Users/mattmurphy/ctv-rollup/src/app/api/campaigns/[id]"
2025-08-29T02:03:21.453268Z  INFO get_globs:scan_sources: tailwindcss_oxide::scanner: Discovering "/Users/mattmurphy/ctv-rollup/src/app/api/campaigns/[id]/rollup"
2025-08-29T02:03:21.453288Z  INFO get_globs:scan_sources: tailwindcss_oxide::scanner: Discovering "/Users/mattmurphy/ctv-rollup/src/app/api/campaigns/[id]/rollup/app"
2025-08-29T02:03:21.453314Z  INFO get_globs:scan_sources: tailwindcss_oxide::scanner: Discovering "/Users/mattmurphy/ctv-rollup/src/app/api/campaigns/[id]/rollup/content"
2025-08-29T02:03:21.453337Z  INFO get_globs:scan_sources: tailwindcss_oxide::scanner: Discovering "/Users/mattmurphy/ctv-rollup/src/app/api/campaigns/[id]/rollup/genre"
2025-08-29T02:03:21.453361Z  INFO get_globs:scan_sources: tailwindcss_oxide::scanner: Discovering "/Users/mattmurphy/ctv-rollup/src/app/api/campaigns/[id]/export"
2025-08-29T02:03:21.453385Z  INFO get_globs:scan_sources: tailwindcss_oxide::scanner: Discovering "/Users/mattmurphy/ctv-rollup/src/app/api/export"
2025-08-29T02:03:21.453407Z  INFO get_globs:scan_sources: tailwindcss_oxide::scanner: Discovering "/Users/mattmurphy/ctv-rollup/src/app/api/rebuild"
2025-08-29T02:03:21.453430Z  INFO get_globs:scan_sources: tailwindcss_oxide::scanner: Discovering "/Users/mattmurphy/ctv-rollup/src/app/campaigns"
2025-08-29T02:03:21.453448Z  INFO get_globs:scan_sources: tailwindcss_oxide::scanner: Discovering "/Users/mattmurphy/ctv-rollup/src/app/campaigns/[id]"
2025-08-29T02:03:21.453466Z  INFO get_globs:scan_sources: tailwindcss_oxide::scanner: Discovering "/Users/mattmurphy/ctv-rollup/src/app/campaigns/[id]/reports"
2025-08-29T02:03:21.453501Z  INFO get_globs:scan_sources: tailwindcss_oxide::scanner: Discovering "/Users/mattmurphy/ctv-rollup/src/app/upload"
2025-08-29T02:03:21.453523Z  INFO get_globs:scan_sources: tailwindcss_oxide::scanner: Discovering "/Users/mattmurphy/ctv-rollup/src/app/reports"
2025-08-29T02:03:21.453541Z  INFO get_globs:scan_sources: tailwindcss_oxide::scanner: Discovering "/Users/mattmurphy/ctv-rollup/src/app/reports/app"
2025-08-29T02:03:21.453563Z  INFO get_globs:scan_sources: tailwindcss_oxide::scanner: Discovering "/Users/mattmurphy/ctv-rollup/src/app/reports/content"
2025-08-29T02:03:21.453585Z  INFO get_globs:scan_sources: tailwindcss_oxide::scanner: Discovering "/Users/mattmurphy/ctv-rollup/src/app/reports/genre"
2025-08-29T02:03:21.453611Z  INFO get_globs:scan_sources: tailwindcss_oxide::scanner: Discovering "/Users/mattmurphy/ctv-rollup/src/server"
2025-08-29T02:03:21.453629Z  INFO get_globs:scan_sources: tailwindcss_oxide::scanner: Discovering "/Users/mattmurphy/ctv-rollup/src/server/migrations"
2025-08-29T02:03:21.453661Z  INFO get_globs:scan_sources: tailwindcss_oxide::scanner: Discovering "/Users/mattmurphy/ctv-rollup/src/components"
2025-08-29T02:03:21.453678Z  INFO get_globs:scan_sources: tailwindcss_oxide::scanner: Discovering "/Users/mattmurphy/ctv-rollup/src/components/ui"
2025-08-29T02:03:21.453728Z  INFO get_globs:scan_sources: tailwindcss_oxide::scanner: Discovering "/Users/mattmurphy/ctv-rollup/src/lib"
2025-08-29T02:03:21.453762Z  INFO get_globs:scan_sources: tailwindcss_oxide::scanner: exit
2025-08-29T02:03:21.454869Z  INFO get_globs: tailwindcss_oxide::scanner: exit
2025-08-29T02:03:32.899452Z  INFO scan_sources: tailwindcss_oxide::scanner: enter
2025-08-29T02:03:32.899902Z  INFO scan_sources: tailwindcss_oxide::scanner: Discovering "/Users/mattmurphy/ctv-rollup/uploads"
2025-08-29T02:03:32.899973Z  INFO scan_sources: tailwindcss_oxide::scanner: Discovering "/Users/mattmurphy/ctv-rollup/public"
2025-08-29T02:03:32.900050Z  INFO scan_sources: tailwindcss_oxide::scanner: Discovering "/Users/mattmurphy/ctv-rollup/scripts"
2025-08-29T02:03:32.900123Z  INFO scan_sources: tailwindcss_oxide::scanner: Discovering "/Users/mattmurphy/ctv-rollup/data"
2025-08-29T02:03:32.900157Z  INFO scan_sources: tailwindcss_oxide::scanner: Discovering "/Users/mattmurphy/ctv-rollup/src"
2025-08-29T02:03:32.900186Z  INFO scan_sources: tailwindcss_oxide::scanner: Discovering "/Users/mattmurphy/ctv-rollup/src/types"
2025-08-29T02:03:32.900216Z  INFO scan_sources: tailwindcss_oxide::scanner: Discovering "/Users/mattmurphy/ctv-rollup/src/app"
2025-08-29T02:03:32.900243Z  INFO scan_sources: tailwindcss_oxide::scanner: Discovering "/Users/mattmurphy/ctv-rollup/src/app/normalize"
2025-08-29T02:03:32.900278Z  INFO scan_sources: tailwindcss_oxide::scanner: Discovering "/Users/mattmurphy/ctv-rollup/src/app/api"
2025-08-29T02:03:32.900303Z  INFO scan_sources: tailwindcss_oxide::scanner: Discovering "/Users/mattmurphy/ctv-rollup/src/app/api/ingest"
2025-08-29T02:03:32.900333Z  INFO scan_sources: tailwindcss_oxide::scanner: Discovering "/Users/mattmurphy/ctv-rollup/src/app/api/status"
2025-08-29T02:03:32.900362Z  INFO scan_sources: tailwindcss_oxide::scanner: Discovering "/Users/mattmurphy/ctv-rollup/src/app/api/map"
2025-08-29T02:03:32.900385Z  INFO scan_sources: tailwindcss_oxide::scanner: Discovering "/Users/mattmurphy/ctv-rollup/src/app/api/map/genres"
2025-08-29T02:03:32.900417Z  INFO scan_sources: tailwindcss_oxide::scanner: Discovering "/Users/mattmurphy/ctv-rollup/src/app/api/map/content-aliases"
2025-08-29T02:03:32.900447Z  INFO scan_sources: tailwindcss_oxide::scanner: Discovering "/Users/mattmurphy/ctv-rollup/src/app/api/map/bundles"
2025-08-29T02:03:32.900477Z  INFO scan_sources: tailwindcss_oxide::scanner: Discovering "/Users/mattmurphy/ctv-rollup/src/app/api/rollup"
2025-08-29T02:03:32.900500Z  INFO scan_sources: tailwindcss_oxide::scanner: Discovering "/Users/mattmurphy/ctv-rollup/src/app/api/rollup/app"
2025-08-29T02:03:32.900530Z  INFO scan_sources: tailwindcss_oxide::scanner: Discovering "/Users/mattmurphy/ctv-rollup/src/app/api/rollup/content"
2025-08-29T02:03:32.900559Z  INFO scan_sources: tailwindcss_oxide::scanner: Discovering "/Users/mattmurphy/ctv-rollup/src/app/api/rollup/genre"
2025-08-29T02:03:32.900589Z  INFO scan_sources: tailwindcss_oxide::scanner: Discovering "/Users/mattmurphy/ctv-rollup/src/app/api/campaigns"
2025-08-29T02:03:32.900613Z  INFO scan_sources: tailwindcss_oxide::scanner: Discovering "/Users/mattmurphy/ctv-rollup/src/app/api/campaigns/ingest"
2025-08-29T02:03:32.900647Z  INFO scan_sources: tailwindcss_oxide::scanner: Discovering "/Users/mattmurphy/ctv-rollup/src/app/api/campaigns/[id]"
2025-08-29T02:03:32.900670Z  INFO scan_sources: tailwindcss_oxide::scanner: Discovering "/Users/mattmurphy/ctv-rollup/src/app/api/campaigns/[id]/rollup"
2025-08-29T02:03:32.900693Z  INFO scan_sources: tailwindcss_oxide::scanner: Discovering "/Users/mattmurphy/ctv-rollup/src/app/api/campaigns/[id]/rollup/app"
2025-08-29T02:03:32.900724Z  INFO scan_sources: tailwindcss_oxide::scanner: Discovering "/Users/mattmurphy/ctv-rollup/src/app/api/campaigns/[id]/rollup/content"
2025-08-29T02:03:32.900753Z  INFO scan_sources: tailwindcss_oxide::scanner: Discovering "/Users/mattmurphy/ctv-rollup/src/app/api/campaigns/[id]/rollup/genre"
2025-08-29T02:03:32.900782Z  INFO scan_sources: tailwindcss_oxide::scanner: Discovering "/Users/mattmurphy/ctv-rollup/src/app/api/campaigns/[id]/export"
2025-08-29T02:03:32.900812Z  INFO scan_sources: tailwindcss_oxide::scanner: Discovering "/Users/mattmurphy/ctv-rollup/src/app/api/export"
2025-08-29T02:03:32.900840Z  INFO scan_sources: tailwindcss_oxide::scanner: Discovering "/Users/mattmurphy/ctv-rollup/src/app/api/rebuild"
2025-08-29T02:03:32.900869Z  INFO scan_sources: tailwindcss_oxide::scanner: Discovering "/Users/mattmurphy/ctv-rollup/src/app/campaigns"
2025-08-29T02:03:32.900892Z  INFO scan_sources: tailwindcss_oxide::scanner: Discovering "/Users/mattmurphy/ctv-rollup/src/app/campaigns/[id]"
2025-08-29T02:03:32.900914Z  INFO scan_sources: tailwindcss_oxide::scanner: Discovering "/Users/mattmurphy/ctv-rollup/src/app/campaigns/[id]/reports"
2025-08-29T02:03:32.900962Z  INFO scan_sources: tailwindcss_oxide::scanner: Discovering "/Users/mattmurphy/ctv-rollup/src/app/upload"
2025-08-29T02:03:32.900990Z  INFO scan_sources: tailwindcss_oxide::scanner: Discovering "/Users/mattmurphy/ctv-rollup/src/app/reports"
2025-08-29T02:03:32.901012Z  INFO scan_sources: tailwindcss_oxide::scanner: Discovering "/Users/mattmurphy/ctv-rollup/src/app/reports/app"
2025-08-29T02:03:32.901040Z  INFO scan_sources: tailwindcss_oxide::scanner: Discovering "/Users/mattmurphy/ctv-rollup/src/app/reports/content"
2025-08-29T02:03:32.901068Z  INFO scan_sources: tailwindcss_oxide::scanner: Discovering "/Users/mattmurphy/ctv-rollup/src/app/reports/genre"
2025-08-29T02:03:32.901107Z  INFO scan_sources: tailwindcss_oxide::scanner: Discovering "/Users/mattmurphy/ctv-rollup/src/server"
2025-08-29T02:03:32.901134Z  INFO scan_sources: tailwindcss_oxide::scanner: Discovering "/Users/mattmurphy/ctv-rollup/src/server/migrations"
2025-08-29T02:03:32.901179Z  INFO scan_sources: tailwindcss_oxide::scanner: Discovering "/Users/mattmurphy/ctv-rollup/src/components"
2025-08-29T02:03:32.901206Z  INFO scan_sources: tailwindcss_oxide::scanner: Discovering "/Users/mattmurphy/ctv-rollup/src/components/ui"
2025-08-29T02:03:32.901273Z  INFO scan_sources: tailwindcss_oxide::scanner: Discovering "/Users/mattmurphy/ctv-rollup/src/lib"
2025-08-29T02:03:32.901316Z  INFO scan_sources: tailwindcss_oxide::scanner: exit
2025-08-29T02:03:32.901319Z  INFO extract_candidates: tailwindcss_oxide::scanner: enter
2025-08-29T02:03:32.901321Z  INFO extract_candidates:read_all_files: tailwindcss_oxide::scanner: enter
2025-08-29T02:03:32.901323Z  INFO extract_candidates:read_all_files: tailwindcss_oxide::scanner: Reading 0 file(s)
2025-08-29T02:03:32.901326Z  INFO extract_candidates:read_all_files: tailwindcss_oxide::scanner: exit
2025-08-29T02:03:32.901328Z  INFO extract_candidates:parse_all_blobs: tailwindcss_oxide::scanner: enter
2025-08-29T02:03:32.901329Z  INFO extract_candidates:parse_all_blobs:extract: tailwindcss_oxide::scanner: enter
2025-08-29T02:03:32.901331Z  INFO extract_candidates:parse_all_blobs:extract: tailwindcss_oxide::scanner: exit
2025-08-29T02:03:32.901333Z  INFO extract_candidates:parse_all_blobs: tailwindcss_oxide::scanner: exit
2025-08-29T02:03:32.901336Z  INFO extract_candidates: tailwindcss_oxide::scanner: exit
2025-08-29T02:03:32.901620Z  INFO get_files: tailwindcss_oxide::scanner: enter
2025-08-29T02:03:32.901624Z  INFO get_files:scan_sources: tailwindcss_oxide::scanner: enter
2025-08-29T02:03:32.901890Z  INFO get_files:scan_sources: tailwindcss_oxide::scanner: Discovering "/Users/mattmurphy/ctv-rollup/uploads"
2025-08-29T02:03:32.901934Z  INFO get_files:scan_sources: tailwindcss_oxide::scanner: Discovering "/Users/mattmurphy/ctv-rollup/public"
2025-08-29T02:03:32.901990Z  INFO get_files:scan_sources: tailwindcss_oxide::scanner: Discovering "/Users/mattmurphy/ctv-rollup/scripts"
2025-08-29T02:03:32.902037Z  INFO get_files:scan_sources: tailwindcss_oxide::scanner: Discovering "/Users/mattmurphy/ctv-rollup/data"
2025-08-29T02:03:32.902149Z  INFO get_files:scan_sources: tailwindcss_oxide::scanner: Discovering "/Users/mattmurphy/ctv-rollup/src"
2025-08-29T02:03:32.902261Z  INFO get_files:scan_sources: tailwindcss_oxide::scanner: Discovering "/Users/mattmurphy/ctv-rollup/src/types"
2025-08-29T02:03:32.902336Z  INFO get_files:scan_sources: tailwindcss_oxide::scanner: Discovering "/Users/mattmurphy/ctv-rollup/src/app"
2025-08-29T02:03:32.902376Z  INFO get_files:scan_sources: tailwindcss_oxide::scanner: Discovering "/Users/mattmurphy/ctv-rollup/src/app/normalize"
2025-08-29T02:03:32.902415Z  INFO get_files:scan_sources: tailwindcss_oxide::scanner: Discovering "/Users/mattmurphy/ctv-rollup/src/app/api"
2025-08-29T02:03:32.902441Z  INFO get_files:scan_sources: tailwindcss_oxide::scanner: Discovering "/Users/mattmurphy/ctv-rollup/src/app/api/ingest"
2025-08-29T02:03:32.902471Z  INFO get_files:scan_sources: tailwindcss_oxide::scanner: Discovering "/Users/mattmurphy/ctv-rollup/src/app/api/status"
2025-08-29T02:03:32.902505Z  INFO get_files:scan_sources: tailwindcss_oxide::scanner: Discovering "/Users/mattmurphy/ctv-rollup/src/app/api/map"
2025-08-29T02:03:32.902528Z  INFO get_files:scan_sources: tailwindcss_oxide::scanner: Discovering "/Users/mattmurphy/ctv-rollup/src/app/api/map/genres"
2025-08-29T02:03:32.902558Z  INFO get_files:scan_sources: tailwindcss_oxide::scanner: Discovering "/Users/mattmurphy/ctv-rollup/src/app/api/map/content-aliases"
2025-08-29T02:03:32.902588Z  INFO get_files:scan_sources: tailwindcss_oxide::scanner: Discovering "/Users/mattmurphy/ctv-rollup/src/app/api/map/bundles"
2025-08-29T02:03:32.902617Z  INFO get_files:scan_sources: tailwindcss_oxide::scanner: Discovering "/Users/mattmurphy/ctv-rollup/src/app/api/rollup"
2025-08-29T02:03:32.902639Z  INFO get_files:scan_sources: tailwindcss_oxide::scanner: Discovering "/Users/mattmurphy/ctv-rollup/src/app/api/rollup/app"
2025-08-29T02:03:32.902666Z  INFO get_files:scan_sources: tailwindcss_oxide::scanner: Discovering "/Users/mattmurphy/ctv-rollup/src/app/api/rollup/content"
2025-08-29T02:03:32.902692Z  INFO get_files:scan_sources: tailwindcss_oxide::scanner: Discovering "/Users/mattmurphy/ctv-rollup/src/app/api/rollup/genre"
2025-08-29T02:03:32.902719Z  INFO get_files:scan_sources: tailwindcss_oxide::scanner: Discovering "/Users/mattmurphy/ctv-rollup/src/app/api/campaigns"
2025-08-29T02:03:32.902741Z  INFO get_files:scan_sources: tailwindcss_oxide::scanner: Discovering "/Users/mattmurphy/ctv-rollup/src/app/api/campaigns/ingest"
2025-08-29T02:03:32.902773Z  INFO get_files:scan_sources: tailwindcss_oxide::scanner: Discovering "/Users/mattmurphy/ctv-rollup/src/app/api/campaigns/[id]"
2025-08-29T02:03:32.902793Z  INFO get_files:scan_sources: tailwindcss_oxide::scanner: Discovering "/Users/mattmurphy/ctv-rollup/src/app/api/campaigns/[id]/rollup"
2025-08-29T02:03:32.902813Z  INFO get_files:scan_sources: tailwindcss_oxide::scanner: Discovering "/Users/mattmurphy/ctv-rollup/src/app/api/campaigns/[id]/rollup/app"
2025-08-29T02:03:32.902838Z  INFO get_files:scan_sources: tailwindcss_oxide::scanner: Discovering "/Users/mattmurphy/ctv-rollup/src/app/api/campaigns/[id]/rollup/content"
2025-08-29T02:03:32.902863Z  INFO get_files:scan_sources: tailwindcss_oxide::scanner: Discovering "/Users/mattmurphy/ctv-rollup/src/app/api/campaigns/[id]/rollup/genre"
2025-08-29T02:03:32.902888Z  INFO get_files:scan_sources: tailwindcss_oxide::scanner: Discovering "/Users/mattmurphy/ctv-rollup/src/app/api/campaigns/[id]/export"
2025-08-29T02:03:32.902914Z  INFO get_files:scan_sources: tailwindcss_oxide::scanner: Discovering "/Users/mattmurphy/ctv-rollup/src/app/api/export"
2025-08-29T02:03:32.902937Z  INFO get_files:scan_sources: tailwindcss_oxide::scanner: Discovering "/Users/mattmurphy/ctv-rollup/src/app/api/rebuild"
2025-08-29T02:03:32.902961Z  INFO get_files:scan_sources: tailwindcss_oxide::scanner: Discovering "/Users/mattmurphy/ctv-rollup/src/app/campaigns"
2025-08-29T02:03:32.902980Z  INFO get_files:scan_sources: tailwindcss_oxide::scanner: Discovering "/Users/mattmurphy/ctv-rollup/src/app/campaigns/[id]"
2025-08-29T02:03:32.902999Z  INFO get_files:scan_sources: tailwindcss_oxide::scanner: Discovering "/Users/mattmurphy/ctv-rollup/src/app/campaigns/[id]/reports"
2025-08-29T02:03:32.903035Z  INFO get_files:scan_sources: tailwindcss_oxide::scanner: Discovering "/Users/mattmurphy/ctv-rollup/src/app/upload"
2025-08-29T02:03:32.903058Z  INFO get_files:scan_sources: tailwindcss_oxide::scanner: Discovering "/Users/mattmurphy/ctv-rollup/src/app/reports"
2025-08-29T02:03:32.903077Z  INFO get_files:scan_sources: tailwindcss_oxide::scanner: Discovering "/Users/mattmurphy/ctv-rollup/src/app/reports/app"
2025-08-29T02:03:32.903100Z  INFO get_files:scan_sources: tailwindcss_oxide::scanner: Discovering "/Users/mattmurphy/ctv-rollup/src/app/reports/content"
2025-08-29T02:03:32.903123Z  INFO get_files:scan_sources: tailwindcss_oxide::scanner: Discovering "/Users/mattmurphy/ctv-rollup/src/app/reports/genre"
2025-08-29T02:03:32.903151Z  INFO get_files:scan_sources: tailwindcss_oxide::scanner: Discovering "/Users/mattmurphy/ctv-rollup/src/server"
2025-08-29T02:03:32.903187Z  INFO get_files:scan_sources: tailwindcss_oxide::scanner: Discovering "/Users/mattmurphy/ctv-rollup/src/server/migrations"
2025-08-29T02:03:32.903221Z  INFO get_files:scan_sources: tailwindcss_oxide::scanner: Discovering "/Users/mattmurphy/ctv-rollup/src/components"
2025-08-29T02:03:32.903240Z  INFO get_files:scan_sources: tailwindcss_oxide::scanner: Discovering "/Users/mattmurphy/ctv-rollup/src/components/ui"
2025-08-29T02:03:32.903298Z  INFO get_files:scan_sources: tailwindcss_oxide::scanner: Discovering "/Users/mattmurphy/ctv-rollup/src/lib"
2025-08-29T02:03:32.903341Z  INFO get_files:scan_sources: tailwindcss_oxide::scanner: exit
2025-08-29T02:03:32.903450Z  INFO get_files: tailwindcss_oxide::scanner: exit
2025-08-29T02:03:32.903643Z  INFO get_globs: tailwindcss_oxide::scanner: enter
2025-08-29T02:03:32.903646Z  INFO get_globs: tailwindcss_oxide::scanner: exit
2025-08-29T02:04:22.321594Z  INFO scan_sources: tailwindcss_oxide::scanner: enter
2025-08-29T02:04:22.323405Z  INFO scan_sources: tailwindcss_oxide::scanner: Discovering "/Users/mattmurphy/ctv-rollup/uploads"
2025-08-29T02:04:22.323491Z  INFO scan_sources: tailwindcss_oxide::scanner: Discovering "/Users/mattmurphy/ctv-rollup/public"
2025-08-29T02:04:22.323570Z  INFO scan_sources: tailwindcss_oxide::scanner: Discovering "/Users/mattmurphy/ctv-rollup/scripts"
2025-08-29T02:04:22.323639Z  INFO scan_sources: tailwindcss_oxide::scanner: Discovering "/Users/mattmurphy/ctv-rollup/data"
2025-08-29T02:04:22.323675Z  INFO scan_sources: tailwindcss_oxide::scanner: Discovering "/Users/mattmurphy/ctv-rollup/src"
2025-08-29T02:04:22.323705Z  INFO scan_sources: tailwindcss_oxide::scanner: Discovering "/Users/mattmurphy/ctv-rollup/src/types"
2025-08-29T02:04:22.323737Z  INFO scan_sources: tailwindcss_oxide::scanner: Discovering "/Users/mattmurphy/ctv-rollup/src/app"
2025-08-29T02:04:22.323766Z  INFO scan_sources: tailwindcss_oxide::scanner: Discovering "/Users/mattmurphy/ctv-rollup/src/app/normalize"
2025-08-29T02:04:22.323802Z  INFO scan_sources: tailwindcss_oxide::scanner: Discovering "/Users/mattmurphy/ctv-rollup/src/app/api"
2025-08-29T02:04:22.323828Z  INFO scan_sources: tailwindcss_oxide::scanner: Discovering "/Users/mattmurphy/ctv-rollup/src/app/api/ingest"
2025-08-29T02:04:22.323859Z  INFO scan_sources: tailwindcss_oxide::scanner: Discovering "/Users/mattmurphy/ctv-rollup/src/app/api/status"
2025-08-29T02:04:22.323889Z  INFO scan_sources: tailwindcss_oxide::scanner: Discovering "/Users/mattmurphy/ctv-rollup/src/app/api/map"
2025-08-29T02:04:22.323913Z  INFO scan_sources: tailwindcss_oxide::scanner: Discovering "/Users/mattmurphy/ctv-rollup/src/app/api/map/genres"
2025-08-29T02:04:22.323946Z  INFO scan_sources: tailwindcss_oxide::scanner: Discovering "/Users/mattmurphy/ctv-rollup/src/app/api/map/content-aliases"
2025-08-29T02:04:22.323977Z  INFO scan_sources: tailwindcss_oxide::scanner: Discovering "/Users/mattmurphy/ctv-rollup/src/app/api/map/bundles"
2025-08-29T02:04:22.324007Z  INFO scan_sources: tailwindcss_oxide::scanner: Discovering "/Users/mattmurphy/ctv-rollup/src/app/api/rollup"
2025-08-29T02:04:22.324030Z  INFO scan_sources: tailwindcss_oxide::scanner: Discovering "/Users/mattmurphy/ctv-rollup/src/app/api/rollup/app"
2025-08-29T02:04:22.324061Z  INFO scan_sources: tailwindcss_oxide::scanner: Discovering "/Users/mattmurphy/ctv-rollup/src/app/api/rollup/content"
2025-08-29T02:04:22.324090Z  INFO scan_sources: tailwindcss_oxide::scanner: Discovering "/Users/mattmurphy/ctv-rollup/src/app/api/rollup/genre"
2025-08-29T02:04:22.324440Z  INFO scan_sources: tailwindcss_oxide::scanner: Discovering "/Users/mattmurphy/ctv-rollup/src/app/api/campaigns"
2025-08-29T02:04:22.324744Z  INFO scan_sources: tailwindcss_oxide::scanner: Discovering "/Users/mattmurphy/ctv-rollup/src/app/api/campaigns/ingest"
2025-08-29T02:04:22.324799Z  INFO scan_sources: tailwindcss_oxide::scanner: Discovering "/Users/mattmurphy/ctv-rollup/src/app/api/campaigns/[id]"
2025-08-29T02:04:22.324841Z  INFO scan_sources: tailwindcss_oxide::scanner: Discovering "/Users/mattmurphy/ctv-rollup/src/app/api/campaigns/[id]/rollup"
2025-08-29T02:04:22.324869Z  INFO scan_sources: tailwindcss_oxide::scanner: Discovering "/Users/mattmurphy/ctv-rollup/src/app/api/campaigns/[id]/rollup/app"
2025-08-29T02:04:22.324909Z  INFO scan_sources: tailwindcss_oxide::scanner: Discovering "/Users/mattmurphy/ctv-rollup/src/app/api/campaigns/[id]/rollup/content"
2025-08-29T02:04:22.324942Z  INFO scan_sources: tailwindcss_oxide::scanner: Discovering "/Users/mattmurphy/ctv-rollup/src/app/api/campaigns/[id]/rollup/genre"
2025-08-29T02:04:22.324974Z  INFO scan_sources: tailwindcss_oxide::scanner: Discovering "/Users/mattmurphy/ctv-rollup/src/app/api/campaigns/[id]/export"
2025-08-29T02:04:22.325008Z  INFO scan_sources: tailwindcss_oxide::scanner: Discovering "/Users/mattmurphy/ctv-rollup/src/app/api/export"
2025-08-29T02:04:22.325047Z  INFO scan_sources: tailwindcss_oxide::scanner: Discovering "/Users/mattmurphy/ctv-rollup/src/app/api/rebuild"
2025-08-29T02:04:22.325079Z  INFO scan_sources: tailwindcss_oxide::scanner: Discovering "/Users/mattmurphy/ctv-rollup/src/app/campaigns"
2025-08-29T02:04:22.325104Z  INFO scan_sources: tailwindcss_oxide::scanner: Discovering "/Users/mattmurphy/ctv-rollup/src/app/campaigns/[id]"
2025-08-29T02:04:22.325127Z  INFO scan_sources: tailwindcss_oxide::scanner: Discovering "/Users/mattmurphy/ctv-rollup/src/app/campaigns/[id]/reports"
2025-08-29T02:04:22.325178Z  INFO scan_sources: tailwindcss_oxide::scanner: Discovering "/Users/mattmurphy/ctv-rollup/src/app/upload"
2025-08-29T02:04:22.325208Z  INFO scan_sources: tailwindcss_oxide::scanner: Discovering "/Users/mattmurphy/ctv-rollup/src/app/reports"
2025-08-29T02:04:22.325258Z  INFO scan_sources: tailwindcss_oxide::scanner: Discovering "/Users/mattmurphy/ctv-rollup/src/app/reports/app"
2025-08-29T02:04:22.325304Z  INFO scan_sources: tailwindcss_oxide::scanner: Discovering "/Users/mattmurphy/ctv-rollup/src/app/reports/content"
2025-08-29T02:04:22.325341Z  INFO scan_sources: tailwindcss_oxide::scanner: Discovering "/Users/mattmurphy/ctv-rollup/src/app/reports/genre"
2025-08-29T02:04:22.325390Z  INFO scan_sources: tailwindcss_oxide::scanner: Discovering "/Users/mattmurphy/ctv-rollup/src/server"
2025-08-29T02:04:22.325421Z  INFO scan_sources: tailwindcss_oxide::scanner: Discovering "/Users/mattmurphy/ctv-rollup/src/server/migrations"
2025-08-29T02:04:22.325476Z  INFO scan_sources: tailwindcss_oxide::scanner: Discovering "/Users/mattmurphy/ctv-rollup/src/components"
2025-08-29T02:04:22.325506Z  INFO scan_sources: tailwindcss_oxide::scanner: Discovering "/Users/mattmurphy/ctv-rollup/src/components/ui"
2025-08-29T02:04:22.325604Z  INFO scan_sources: tailwindcss_oxide::scanner: Discovering "/Users/mattmurphy/ctv-rollup/src/lib"
2025-08-29T02:04:22.325660Z  INFO scan_sources: tailwindcss_oxide::scanner: exit
2025-08-29T02:04:22.325666Z  INFO extract_candidates: tailwindcss_oxide::scanner: enter
2025-08-29T02:04:22.325669Z  INFO extract_candidates:read_all_files: tailwindcss_oxide::scanner: enter
2025-08-29T02:04:22.325671Z  INFO extract_candidates:read_all_files: tailwindcss_oxide::scanner: Reading 0 file(s)
2025-08-29T02:04:22.325673Z  INFO extract_candidates:read_all_files: tailwindcss_oxide::scanner: exit
2025-08-29T02:04:22.325675Z  INFO extract_candidates:parse_all_blobs: tailwindcss_oxide::scanner: enter
2025-08-29T02:04:22.325677Z  INFO extract_candidates:parse_all_blobs:extract: tailwindcss_oxide::scanner: enter
2025-08-29T02:04:22.325681Z  INFO extract_candidates:parse_all_blobs:extract: tailwindcss_oxide::scanner: exit
2025-08-29T02:04:22.325683Z  INFO extract_candidates:parse_all_blobs: tailwindcss_oxide::scanner: exit
2025-08-29T02:04:22.325686Z  INFO extract_candidates: tailwindcss_oxide::scanner: exit
2025-08-29T02:04:22.326449Z  INFO get_files: tailwindcss_oxide::scanner: enter
2025-08-29T02:04:22.326454Z  INFO get_files:scan_sources: tailwindcss_oxide::scanner: enter
2025-08-29T02:04:22.327080Z  INFO get_files:scan_sources: tailwindcss_oxide::scanner: Discovering "/Users/mattmurphy/ctv-rollup/uploads"
2025-08-29T02:04:22.327246Z  INFO get_files:scan_sources: tailwindcss_oxide::scanner: Discovering "/Users/mattmurphy/ctv-rollup/public"
2025-08-29T02:04:22.327461Z  INFO get_files:scan_sources: tailwindcss_oxide::scanner: Discovering "/Users/mattmurphy/ctv-rollup/scripts"
2025-08-29T02:04:22.327524Z  INFO get_files:scan_sources: tailwindcss_oxide::scanner: Discovering "/Users/mattmurphy/ctv-rollup/data"
2025-08-29T02:04:22.327553Z  INFO get_files:scan_sources: tailwindcss_oxide::scanner: Discovering "/Users/mattmurphy/ctv-rollup/src"
2025-08-29T02:04:22.327579Z  INFO get_files:scan_sources: tailwindcss_oxide::scanner: Discovering "/Users/mattmurphy/ctv-rollup/src/types"
2025-08-29T02:04:22.327609Z  INFO get_files:scan_sources: tailwindcss_oxide::scanner: Discovering "/Users/mattmurphy/ctv-rollup/src/app"
2025-08-29T02:04:22.327637Z  INFO get_files:scan_sources: tailwindcss_oxide::scanner: Discovering "/Users/mattmurphy/ctv-rollup/src/app/normalize"
2025-08-29T02:04:22.327672Z  INFO get_files:scan_sources: tailwindcss_oxide::scanner: Discovering "/Users/mattmurphy/ctv-rollup/src/app/api"
2025-08-29T02:04:22.327698Z  INFO get_files:scan_sources: tailwindcss_oxide::scanner: Discovering "/Users/mattmurphy/ctv-rollup/src/app/api/ingest"
2025-08-29T02:04:22.327727Z  INFO get_files:scan_sources: tailwindcss_oxide::scanner: Discovering "/Users/mattmurphy/ctv-rollup/src/app/api/status"
2025-08-29T02:04:22.327756Z  INFO get_files:scan_sources: tailwindcss_oxide::scanner: Discovering "/Users/mattmurphy/ctv-rollup/src/app/api/map"
2025-08-29T02:04:22.327779Z  INFO get_files:scan_sources: tailwindcss_oxide::scanner: Discovering "/Users/mattmurphy/ctv-rollup/src/app/api/map/genres"
2025-08-29T02:04:22.327810Z  INFO get_files:scan_sources: tailwindcss_oxide::scanner: Discovering "/Users/mattmurphy/ctv-rollup/src/app/api/map/content-aliases"
2025-08-29T02:04:22.327839Z  INFO get_files:scan_sources: tailwindcss_oxide::scanner: Discovering "/Users/mattmurphy/ctv-rollup/src/app/api/map/bundles"
2025-08-29T02:04:22.327868Z  INFO get_files:scan_sources: tailwindcss_oxide::scanner: Discovering "/Users/mattmurphy/ctv-rollup/src/app/api/rollup"
2025-08-29T02:04:22.327890Z  INFO get_files:scan_sources: tailwindcss_oxide::scanner: Discovering "/Users/mattmurphy/ctv-rollup/src/app/api/rollup/app"
2025-08-29T02:04:22.327923Z  INFO get_files:scan_sources: tailwindcss_oxide::scanner: Discovering "/Users/mattmurphy/ctv-rollup/src/app/api/rollup/content"
2025-08-29T02:04:22.327951Z  INFO get_files:scan_sources: tailwindcss_oxide::scanner: Discovering "/Users/mattmurphy/ctv-rollup/src/app/api/rollup/genre"
2025-08-29T02:04:22.327982Z  INFO get_files:scan_sources: tailwindcss_oxide::scanner: Discovering "/Users/mattmurphy/ctv-rollup/src/app/api/campaigns"
2025-08-29T02:04:22.328005Z  INFO get_files:scan_sources: tailwindcss_oxide::scanner: Discovering "/Users/mattmurphy/ctv-rollup/src/app/api/campaigns/ingest"
2025-08-29T02:04:22.328271Z  INFO get_files:scan_sources: tailwindcss_oxide::scanner: Discovering "/Users/mattmurphy/ctv-rollup/src/app/api/campaigns/[id]"
2025-08-29T02:04:22.328303Z  INFO get_files:scan_sources: tailwindcss_oxide::scanner: Discovering "/Users/mattmurphy/ctv-rollup/src/app/api/campaigns/[id]/rollup"
2025-08-29T02:04:22.328327Z  INFO get_files:scan_sources: tailwindcss_oxide::scanner: Discovering "/Users/mattmurphy/ctv-rollup/src/app/api/campaigns/[id]/rollup/app"
2025-08-29T02:04:22.328358Z  INFO get_files:scan_sources: tailwindcss_oxide::scanner: Discovering "/Users/mattmurphy/ctv-rollup/src/app/api/campaigns/[id]/rollup/content"
2025-08-29T02:04:22.328389Z  INFO get_files:scan_sources: tailwindcss_oxide::scanner: Discovering "/Users/mattmurphy/ctv-rollup/src/app/api/campaigns/[id]/rollup/genre"
2025-08-29T02:04:22.328425Z  INFO get_files:scan_sources: tailwindcss_oxide::scanner: Discovering "/Users/mattmurphy/ctv-rollup/src/app/api/campaigns/[id]/export"
2025-08-29T02:04:22.328457Z  INFO get_files:scan_sources: tailwindcss_oxide::scanner: Discovering "/Users/mattmurphy/ctv-rollup/src/app/api/export"
2025-08-29T02:04:22.328493Z  INFO get_files:scan_sources: tailwindcss_oxide::scanner: Discovering "/Users/mattmurphy/ctv-rollup/src/app/api/rebuild"
2025-08-29T02:04:22.328522Z  INFO get_files:scan_sources: tailwindcss_oxide::scanner: Discovering "/Users/mattmurphy/ctv-rollup/src/app/campaigns"
2025-08-29T02:04:22.328552Z  INFO get_files:scan_sources: tailwindcss_oxide::scanner: Discovering "/Users/mattmurphy/ctv-rollup/src/app/campaigns/[id]"
2025-08-29T02:04:22.328575Z  INFO get_files:scan_sources: tailwindcss_oxide::scanner: Discovering "/Users/mattmurphy/ctv-rollup/src/app/campaigns/[id]/reports"
2025-08-29T02:04:22.328619Z  INFO get_files:scan_sources: tailwindcss_oxide::scanner: Discovering "/Users/mattmurphy/ctv-rollup/src/app/upload"
2025-08-29T02:04:22.328647Z  INFO get_files:scan_sources: tailwindcss_oxide::scanner: Discovering "/Users/mattmurphy/ctv-rollup/src/app/reports"
2025-08-29T02:04:22.328670Z  INFO get_files:scan_sources: tailwindcss_oxide::scanner: Discovering "/Users/mattmurphy/ctv-rollup/src/app/reports/app"
2025-08-29T02:04:22.328701Z  INFO get_files:scan_sources: tailwindcss_oxide::scanner: Discovering "/Users/mattmurphy/ctv-rollup/src/app/reports/content"
2025-08-29T02:04:22.328729Z  INFO get_files:scan_sources: tailwindcss_oxide::scanner: Discovering "/Users/mattmurphy/ctv-rollup/src/app/reports/genre"
2025-08-29T02:04:22.328765Z  INFO get_files:scan_sources: tailwindcss_oxide::scanner: Discovering "/Users/mattmurphy/ctv-rollup/src/server"
2025-08-29T02:04:22.328787Z  INFO get_files:scan_sources: tailwindcss_oxide::scanner: Discovering "/Users/mattmurphy/ctv-rollup/src/server/migrations"
2025-08-29T02:04:22.328829Z  INFO get_files:scan_sources: tailwindcss_oxide::scanner: Discovering "/Users/mattmurphy/ctv-rollup/src/components"
2025-08-29T02:04:22.328851Z  INFO get_files:scan_sources: tailwindcss_oxide::scanner: Discovering "/Users/mattmurphy/ctv-rollup/src/components/ui"
2025-08-29T02:04:22.328912Z  INFO get_files:scan_sources: tailwindcss_oxide::scanner: Discovering "/Users/mattmurphy/ctv-rollup/src/lib"
2025-08-29T02:04:22.328962Z  INFO get_files:scan_sources: tailwindcss_oxide::scanner: exit
2025-08-29T02:04:22.329058Z  INFO get_files: tailwindcss_oxide::scanner: exit
2025-08-29T02:04:22.329218Z  INFO get_globs: tailwindcss_oxide::scanner: enter
2025-08-29T02:04:22.329250Z  INFO get_globs: tailwindcss_oxide::scanner: exit
